<?xml version="1.0" encoding="UTF-8"?>
<testsuite name="ru.stqa.pft.addressbook.tests.ClientDeletionTests" tests="1" skipped="0" failures="0" errors="0" timestamp="2020-03-24T09:53:39" hostname="pc" time="5.164">
  <properties/>
  <testcase name="testClientDeletion" classname="ru.stqa.pft.addressbook.tests.ClientDeletionTests" time="5.164"/>
  <system-out><![CDATA[]]></system-out>
  <system-err><![CDATA[]]></system-err>
</testsuite>
